<?xml version="1.0" encoding="UTF-8"?>
<!-- Generated by org.testng.reporters.JUnitReportReporter -->
<testsuite hostname="DESKTOP-958GEAV" failures="0" tests="1" name="com.example.SearchTest" time="5.100" errors="0" timestamp="2022-10-18T23:45:28 IST" skipped="0">
  <testcase classname="com.example.SearchTest" name="test3" time="5.100"/>
  <system-out/>
</testsuite> <!-- com.example.SearchTest -->
