<?xml version="1.0" encoding="UTF-8"?>
<!-- Generated by org.testng.reporters.JUnitReportReporter -->
<testsuite hostname="DESKTOP-958GEAV" failures="0" tests="2" name="com.example.FirstTest" time="45.059" errors="0" timestamp="2022-10-18T23:45:28 IST" skipped="0">
  <testcase classname="com.example.FirstTest" name="test1" time="32.708"/>
  <system-out/>
  <testcase classname="com.example.FirstTest" name="test2" time="12.351"/>
  <system-out/>
</testsuite> <!-- com.example.FirstTest -->
